0 info it worked if it ends with ok
1 verbose cli [ 'C:\\Program Files\\nodejs\\node.exe',
1 verbose cli   'C:\\Program Files\\nodejs\\node_modules\\npm\\bin\\npm-cli.js',
1 verbose cli   'install' ]
2 info using npm@3.10.10
3 info using node@v6.11.5
4 silly loadCurrentTree Starting
5 silly install loadCurrentTree
6 silly install readLocalPackageData
7 silly install normalizeTree
8 silly loadCurrentTree Finishing
9 silly loadIdealTree Starting
10 silly install loadIdealTree
11 silly cloneCurrentTree Starting
12 silly install cloneCurrentTreeToIdealTree
13 silly cloneCurrentTree Finishing
14 silly loadShrinkwrap Starting
15 silly install loadShrinkwrap
16 silly loadShrinkwrap Finishing
17 silly loadAllDepsIntoIdealTree Starting
18 silly install loadAllDepsIntoIdealTree
19 silly fetchNamedPackageData grunt
20 silly mapToRegistry name grunt
21 silly mapToRegistry using default registry
22 silly mapToRegistry registry https://registry.npmjs.org/
23 silly mapToRegistry data Result {
23 silly mapToRegistry   raw: 'grunt',
23 silly mapToRegistry   scope: null,
23 silly mapToRegistry   escapedName: 'grunt',
23 silly mapToRegistry   name: 'grunt',
23 silly mapToRegistry   rawSpec: '',
23 silly mapToRegistry   spec: 'latest',
23 silly mapToRegistry   type: 'tag' }
24 silly mapToRegistry uri https://registry.npmjs.org/grunt
25 silly fetchNamedPackageData @sap/grunt-sapui5-bestpractice-build
26 silly mapToRegistry name @sap/grunt-sapui5-bestpractice-build
27 silly mapToRegistry scope (from package name) @sap
28 verbose mapToRegistry no registry URL found in name for scope @sap
29 silly mapToRegistry using default registry
30 silly mapToRegistry registry https://registry.npmjs.org/
31 silly mapToRegistry data Result {
31 silly mapToRegistry   raw: '@sap/grunt-sapui5-bestpractice-build',
31 silly mapToRegistry   scope: '@sap',
31 silly mapToRegistry   escapedName: '@sap%2fgrunt-sapui5-bestpractice-build',
31 silly mapToRegistry   name: '@sap/grunt-sapui5-bestpractice-build',
31 silly mapToRegistry   rawSpec: '',
31 silly mapToRegistry   spec: 'latest',
31 silly mapToRegistry   type: 'tag' }
32 silly mapToRegistry uri https://registry.npmjs.org/@sap%2fgrunt-sapui5-bestpractice-build
33 verbose request uri https://registry.npmjs.org/@sap%2fgrunt-sapui5-bestpractice-build
34 verbose request no auth needed
35 info attempt registry request try #1 at 1:53:12 PM
36 verbose request id 1cf267788389cd97
37 http request GET https://registry.npmjs.org/@sap%2fgrunt-sapui5-bestpractice-build
38 verbose request uri https://registry.npmjs.org/grunt
39 verbose request no auth needed
40 info attempt registry request try #1 at 1:53:12 PM
41 verbose etag W/"59e70592-18ca2"
42 verbose lastModified Wed, 18 Oct 2017 07:41:06 GMT
43 http request GET https://registry.npmjs.org/grunt
44 http 304 https://registry.npmjs.org/grunt
45 verbose headers { date: 'Thu, 26 Oct 2017 08:23:12 GMT',
45 verbose headers   via: '1.1 varnish',
45 verbose headers   'cache-control': 'max-age=300',
45 verbose headers   etag: 'W/"59e70592-18ca2"',
45 verbose headers   age: '86',
45 verbose headers   connection: 'close',
45 verbose headers   'x-served-by': 'cache-sin18027-SIN',
45 verbose headers   'x-cache': 'HIT',
45 verbose headers   'x-cache-hits': '263',
45 verbose headers   'x-timer': 'S1509006193.595383,VS0,VE0',
45 verbose headers   vary: 'Accept-Encoding, Accept' }
46 silly get cb [ 304,
46 silly get   { date: 'Thu, 26 Oct 2017 08:23:12 GMT',
46 silly get     via: '1.1 varnish',
46 silly get     'cache-control': 'max-age=300',
46 silly get     etag: 'W/"59e70592-18ca2"',
46 silly get     age: '86',
46 silly get     connection: 'close',
46 silly get     'x-served-by': 'cache-sin18027-SIN',
46 silly get     'x-cache': 'HIT',
46 silly get     'x-cache-hits': '263',
46 silly get     'x-timer': 'S1509006193.595383,VS0,VE0',
46 silly get     vary: 'Accept-Encoding, Accept' } ]
47 verbose etag https://registry.npmjs.org/grunt from cache
48 verbose get saving grunt to C:\Users\i323196\AppData\Roaming\npm-cache\registry.npmjs.org\grunt\.cache.json
49 verbose correctMkdir C:\Users\i323196\AppData\Roaming\npm-cache correctMkdir not in flight; initializing
50 silly resolveWithNewModule grunt@1.0.1 checking installable status
51 silly cache add args [ 'grunt@1.0.1', null ]
52 verbose cache add spec grunt@1.0.1
53 silly cache add parsed spec Result {
53 silly cache add   raw: 'grunt@1.0.1',
53 silly cache add   scope: null,
53 silly cache add   escapedName: 'grunt',
53 silly cache add   name: 'grunt',
53 silly cache add   rawSpec: '1.0.1',
53 silly cache add   spec: '1.0.1',
53 silly cache add   type: 'version' }
54 silly addNamed grunt@1.0.1
55 verbose addNamed "1.0.1" is a plain semver version for grunt
56 silly mapToRegistry name grunt
57 silly mapToRegistry using default registry
58 silly mapToRegistry registry https://registry.npmjs.org/
59 silly mapToRegistry data Result {
59 silly mapToRegistry   raw: 'grunt',
59 silly mapToRegistry   scope: null,
59 silly mapToRegistry   escapedName: 'grunt',
59 silly mapToRegistry   name: 'grunt',
59 silly mapToRegistry   rawSpec: '',
59 silly mapToRegistry   spec: 'latest',
59 silly mapToRegistry   type: 'tag' }
60 silly mapToRegistry uri https://registry.npmjs.org/grunt
61 verbose addNameVersion registry:https://registry.npmjs.org/grunt not in flight; fetching
62 verbose get https://registry.npmjs.org/grunt not expired, no request
63 silly cache afterAdd grunt@1.0.1
64 verbose afterAdd C:\Users\i323196\AppData\Roaming\npm-cache\grunt\1.0.1\package\package.json not in flight; writing
65 verbose correctMkdir C:\Users\i323196\AppData\Roaming\npm-cache correctMkdir not in flight; initializing
66 verbose afterAdd C:\Users\i323196\AppData\Roaming\npm-cache\grunt\1.0.1\package\package.json written
67 http 404 https://registry.npmjs.org/@sap%2fgrunt-sapui5-bestpractice-build
68 verbose headers { 'content-type': 'application/json',
68 verbose headers   'cache-control': 'max-age=0',
68 verbose headers   'content-length': '21',
68 verbose headers   'accept-ranges': 'bytes',
68 verbose headers   date: 'Thu, 26 Oct 2017 08:23:17 GMT',
68 verbose headers   via: '1.1 varnish',
68 verbose headers   age: '0',
68 verbose headers   connection: 'close',
68 verbose headers   'x-served-by': 'cache-sin18024-SIN',
68 verbose headers   'x-cache': 'MISS',
68 verbose headers   'x-cache-hits': '0',
68 verbose headers   'x-timer': 'S1509006198.637335,VS0,VE248' }
69 silly get cb [ 404,
69 silly get   { 'content-type': 'application/json',
69 silly get     'cache-control': 'max-age=0',
69 silly get     'content-length': '21',
69 silly get     'accept-ranges': 'bytes',
69 silly get     date: 'Thu, 26 Oct 2017 08:23:17 GMT',
69 silly get     via: '1.1 varnish',
69 silly get     age: '0',
69 silly get     connection: 'close',
69 silly get     'x-served-by': 'cache-sin18024-SIN',
69 silly get     'x-cache': 'MISS',
69 silly get     'x-cache-hits': '0',
69 silly get     'x-timer': 'S1509006198.637335,VS0,VE248' } ]
70 silly fetchPackageMetaData Error: Not found : @sap/grunt-sapui5-bestpractice-build
70 silly fetchPackageMetaData     at makeError (C:\Program Files\nodejs\node_modules\npm\node_modules\npm-registry-client\lib\request.js:302:12)
70 silly fetchPackageMetaData     at CachingRegistryClient.<anonymous> (C:\Program Files\nodejs\node_modules\npm\node_modules\npm-registry-client\lib\request.js:290:14)
70 silly fetchPackageMetaData     at Request._callback (C:\Program Files\nodejs\node_modules\npm\node_modules\npm-registry-client\lib\request.js:210:14)
70 silly fetchPackageMetaData     at Request.self.callback (C:\Program Files\nodejs\node_modules\npm\node_modules\request\request.js:187:22)
70 silly fetchPackageMetaData     at emitTwo (events.js:106:13)
70 silly fetchPackageMetaData     at Request.emit (events.js:191:7)
70 silly fetchPackageMetaData     at Request.<anonymous> (C:\Program Files\nodejs\node_modules\npm\node_modules\request\request.js:1048:10)
70 silly fetchPackageMetaData     at emitOne (events.js:96:13)
70 silly fetchPackageMetaData     at Request.emit (events.js:188:7)
70 silly fetchPackageMetaData     at IncomingMessage.<anonymous> (C:\Program Files\nodejs\node_modules\npm\node_modules\request\request.js:969:12)
70 silly fetchPackageMetaData  error for @sap/grunt-sapui5-bestpractice-build@^1.3.17 { Error: Not found : @sap/grunt-sapui5-bestpractice-build
70 silly fetchPackageMetaData     at makeError (C:\Program Files\nodejs\node_modules\npm\node_modules\npm-registry-client\lib\request.js:302:12)
70 silly fetchPackageMetaData     at CachingRegistryClient.<anonymous> (C:\Program Files\nodejs\node_modules\npm\node_modules\npm-registry-client\lib\request.js:290:14)
70 silly fetchPackageMetaData     at Request._callback (C:\Program Files\nodejs\node_modules\npm\node_modules\npm-registry-client\lib\request.js:210:14)
70 silly fetchPackageMetaData     at Request.self.callback (C:\Program Files\nodejs\node_modules\npm\node_modules\request\request.js:187:22)
70 silly fetchPackageMetaData     at emitTwo (events.js:106:13)
70 silly fetchPackageMetaData     at Request.emit (events.js:191:7)
70 silly fetchPackageMetaData     at Request.<anonymous> (C:\Program Files\nodejs\node_modules\npm\node_modules\request\request.js:1048:10)
70 silly fetchPackageMetaData     at emitOne (events.js:96:13)
70 silly fetchPackageMetaData     at Request.emit (events.js:188:7)
70 silly fetchPackageMetaData     at IncomingMessage.<anonymous> (C:\Program Files\nodejs\node_modules\npm\node_modules\request\request.js:969:12)
70 silly fetchPackageMetaData   pkgid: '@sap/grunt-sapui5-bestpractice-build',
70 silly fetchPackageMetaData   statusCode: 404,
70 silly fetchPackageMetaData   code: 'E404' }
71 silly rollbackFailedOptional Starting
72 silly rollbackFailedOptional Finishing
73 silly runTopLevelLifecycles Finishing
74 silly install printInstalled
75 verbose stack Error: Not found : @sap/grunt-sapui5-bestpractice-build
75 verbose stack     at makeError (C:\Program Files\nodejs\node_modules\npm\node_modules\npm-registry-client\lib\request.js:302:12)
75 verbose stack     at CachingRegistryClient.<anonymous> (C:\Program Files\nodejs\node_modules\npm\node_modules\npm-registry-client\lib\request.js:290:14)
75 verbose stack     at Request._callback (C:\Program Files\nodejs\node_modules\npm\node_modules\npm-registry-client\lib\request.js:210:14)
75 verbose stack     at Request.self.callback (C:\Program Files\nodejs\node_modules\npm\node_modules\request\request.js:187:22)
75 verbose stack     at emitTwo (events.js:106:13)
75 verbose stack     at Request.emit (events.js:191:7)
75 verbose stack     at Request.<anonymous> (C:\Program Files\nodejs\node_modules\npm\node_modules\request\request.js:1048:10)
75 verbose stack     at emitOne (events.js:96:13)
75 verbose stack     at Request.emit (events.js:188:7)
75 verbose stack     at IncomingMessage.<anonymous> (C:\Program Files\nodejs\node_modules\npm\node_modules\request\request.js:969:12)
76 verbose statusCode 404
77 verbose pkgid @sap/grunt-sapui5-bestpractice-build
78 verbose cwd C:\Users\i323196\git\marketing-insight-ui
79 error Windows_NT 10.0.14393
80 error argv "C:\\Program Files\\nodejs\\node.exe" "C:\\Program Files\\nodejs\\node_modules\\npm\\bin\\npm-cli.js" "install"
81 error node v6.11.5
82 error npm  v3.10.10
83 error code E404
84 error 404 Not found : @sap/grunt-sapui5-bestpractice-build
85 error 404
86 error 404 '@sap/grunt-sapui5-bestpractice-build' is not in the npm registry.
87 error 404 You should bug the author to publish it (or use the name yourself!)
88 error 404 It was specified as a dependency of 'marketing-insights'
89 error 404 Note that you can also install from a
90 error 404 tarball, folder, http url, or git url.
91 verbose exit [ 1, true ]
